\BOOKMARK [0][]{chapter*.1}{\376\377\144\130\000\040\211\201}{}% 1
\BOOKMARK [0][]{chapter*.2}{\376\377\000A\000b\000s\000t\000r\000a\000c\000t}{}% 2
\BOOKMARK [0][]{chapter.1}{\376\377\173\054\0001\172\340\000\040\176\352\213\272\000\040\000/\000\040\000I\000n\000t\000r\000o\000d\000u\000c\000t\000i\000o\000n}{}% 3
\BOOKMARK [1][-]{section.1.1}{\376\377\0001\000.\0001\000\040\170\024\172\166\200\314\146\157\116\016\141\017\116\111}{chapter.1}% 4
\BOOKMARK [1][-]{section.1.2}{\376\377\0001\000.\0002\000\040\126\375\121\205\131\026\170\024\172\166\163\260\162\266}{chapter.1}% 5
\BOOKMARK [1][-]{section.1.3}{\376\377\0001\000.\0003\000\040\147\054\145\207\170\024\172\166\121\205\133\271\116\016\176\304\176\307\176\323\147\204}{chapter.1}% 6
\BOOKMARK [0][]{chapter.2}{\376\377\173\054\0002\172\340\000\040\173\054\116\214\172\340\150\007\230\230}{}% 7
\BOOKMARK [1][-]{section.2.1}{\376\377\0002\000.\0001\000\040\173\054\116\000\202\202\150\007\230\230}{chapter.2}% 8
\BOOKMARK [1][-]{section.2.2}{\376\377\0002\000.\0002\000\040\173\054\116\214\202\202\150\007\230\230}{chapter.2}% 9
\BOOKMARK [0][]{chapter.3}{\376\377\173\054\0003\172\340\000\040\173\054\116\011\172\340\150\007\230\230}{}% 10
\BOOKMARK [1][-]{section.3.1}{\376\377\0003\000.\0001\000\040\173\054\116\000\202\202\150\007\230\230}{chapter.3}% 11
\BOOKMARK [1][-]{section.3.2}{\376\377\0003\000.\0002\000\040\173\054\116\214\202\202\150\007\230\230}{chapter.3}% 12
\BOOKMARK [0][]{chapter.4}{\376\377\173\054\0004\172\340\000\040\173\054\126\333\172\340\150\007\230\230}{}% 13
\BOOKMARK [1][-]{section.4.1}{\376\377\0004\000.\0001\000\040\173\054\116\000\202\202\150\007\230\230}{chapter.4}% 14
\BOOKMARK [1][-]{section.4.2}{\376\377\0004\000.\0002\000\040\173\054\116\214\202\202\150\007\230\230}{chapter.4}% 15
\BOOKMARK [0][]{chapter.5}{\376\377\173\054\0005\172\340\000\040\173\054\116\224\172\340\150\007\230\230}{}% 16
\BOOKMARK [1][-]{section.5.1}{\376\377\0005\000.\0001\000\040\173\054\116\000\202\202\150\007\230\230}{chapter.5}% 17
\BOOKMARK [1][-]{section.5.2}{\376\377\0005\000.\0002\000\040\173\054\116\214\202\202\150\007\230\230}{chapter.5}% 18
\BOOKMARK [0][]{chapter.6}{\376\377\173\054\0006\172\340\000\040\176\323\213\272\116\016\134\125\147\033\000\040\000/\000\040\000C\000o\000n\000c\000l\000u\000s\000i\000o\000n\000s\000\040\000a\000n\000d\000\040\000O\000u\000t\000l\000o\000o\000k}{}% 19
\BOOKMARK [1][-]{section.6.1}{\376\377\0006\000.\0001\000\040\176\323\213\272}{chapter.6}% 20
\BOOKMARK [1][-]{section.6.2}{\376\377\0006\000.\0002\000\040\134\125\147\033}{chapter.6}% 21
\BOOKMARK [0][]{section.6.2}{\376\377\123\302\200\003\145\207\163\056}{}% 22
\BOOKMARK [0][]{appendix.A}{\376\377\226\104\137\125\000\040\000A\000\040\226\104\137\125\000A\000\040\150\007\230\230}{}% 23
\BOOKMARK [0][]{appendix.B}{\376\377\226\104\137\125\000\040\000B\000\040\226\104\137\125\000B\000\040\150\007\230\230}{}% 24
\BOOKMARK [0][]{appendix*.5}{\376\377\145\073\213\373\170\125\130\353\133\146\117\115\147\037\225\364\175\042\123\326\137\227\166\204\116\073\211\201\171\321\170\024\142\020\147\234}{}% 25
\BOOKMARK [0][]{appendix*.6}{\376\377\201\364\000\040\214\042}{}% 26
